测试用例数量: 10
文件名: data0530.in
分数: 5034468.159115, 时间: 0.010695s, 全局超时惩罚: 1.000000/0.000000%, 局部超时惩罚: 1.006894, 迁移惩罚: 1.000000

文件名: n2_g1_k1.2_a10_b100_m1000.in
分数: 718570.595081, 时间: 0.019798s, 全局超时惩罚: 0.144586/55.800000%, 局部超时惩罚: 0.993970, 迁移惩罚: 1.000000

文件名: n2_g1_k1.2_a20_b200.in
分数: 1319592.777194, 时间: 0.010593s, 全局超时惩罚: 0.264255/38.400000%, 局部超时惩罚: 0.998729, 迁移惩罚: 1.000000

文件名: n2_g2_k1_a20_b200.in
分数: 3423777.378421, 时间: 0.012663s, 全局超时惩罚: 0.683020/11.000000%, 局部超时惩罚: 1.002541, 迁移惩罚: 1.000000

文件名: n2_g2_k1_a20_b200_cntmin3000_mempmax1500.in
分数: 1029577.453736, 时间: 0.017792s, 全局超时惩罚: 0.205898/45.600000%, 局部超时惩罚: 1.000086, 迁移惩罚: 1.000000

文件名: n2_g2_k1_a20_b200_memmax1500.in
分数: 2780104.558277, 时间: 0.013945s, 全局超时惩罚: 0.554785/17.000000%, 局部超时惩罚: 1.002228, 迁移惩罚: 1.000000

文件名: n3_g13_k1_a20_b200.in
分数: 4590950.309467, 时间: 0.012898s, 全局超时惩罚: 0.913831/2.600000%, 局部超时惩罚: 1.004770, 迁移惩罚: 1.000000

文件名: n3_g1_k1_a20_b200.in
分数: 2177877.132999, 时间: 0.010118s, 全局超时惩罚: 0.435275/24.000000%, 局部超时惩罚: 1.000690, 迁移惩罚: 1.000000

文件名: n4_g1_k1.2_rate10_a20_b200.in
分数: 4964002.690797, 时间: 0.009915s, 全局超时惩罚: 0.986233/0.400000%, 局部超时惩罚: 1.006660, 迁移惩罚: 1.000000

文件名: n4_g1_k1_rate6_a20_b200.in
分数: 2835517.107430, 时间: 0.012235s, 全局超时惩罚: 0.566442/16.400000%, 局部超时惩罚: 1.001168, 迁移惩罚: 1.000000

总分: 28874438.162519
平均分: 2887443.816252, 平均时间: 0.013065s, 全局超时惩罚: 0.575432/21.120000%, 局部超时惩罚: 1.001773, 迁移惩罚: 1.000000
