测试用例数量: 10
文件名: data0530.in
分数: 5034467.852920, 时间: 0.026736s, 全局超时惩罚: 1.000000/0.000000%, 局部超时惩罚: 1.006894, 迁移惩罚: 1.000000

文件名: n1_g1_k1_a20_b200.in
分数: 983585.045408, 时间: 0.091990s, 全局超时惩罚: 0.197510/46.800000%, 局部超时惩罚: 0.995983, 迁移惩罚: 1.000000

文件名: n2_g1_k1.2_a20_b200.in
分数: 3431458.103934, 时间: 0.047819s, 全局超时惩罚: 0.683020/11.000000%, 局部超时惩罚: 1.004790, 迁移惩罚: 1.000000

文件名: n2_g1_k1.2_a20_b200_m1000.in
分数: 2244414.304203, 时间: 0.080635s, 全局超时惩罚: 0.447513/23.200000%, 局部超时惩罚: 1.003062, 迁移惩罚: 1.000000

文件名: n2_g1_k1_a20_b200.in
分数: 2123217.141294, 时间: 0.079566s, 全局超时惩罚: 0.423373/24.800000%, 局部超时惩罚: 1.003002, 迁移惩罚: 1.000000

文件名: n2_g1_k1_a20_b200_cntmin4000.in
分数: 681056.889055, 时间: 0.194525s, 全局超时惩罚: 0.136787/57.400000%, 局部超时惩罚: 0.995794, 迁移惩罚: 1.000000

文件名: n2_g1_k1_a20_b200_s0_rate7.in
分数: 1089485.456150, 时间: 0.115319s, 全局超时惩罚: 0.219151/43.800000%, 局部超时惩罚: 0.994276, 迁移惩罚: 1.000000

文件名: n2_g2_k1_a20_b200_cntmin3000_mempmax1500.in
分数: 1965599.888568, 时间: 0.189647s, 全局超时惩罚: 0.392292/27.000000%, 局部超时惩罚: 1.002110, 迁移惩罚: 1.000000

文件名: n3_g1_k1_a20_b200_memmax1500_rate6.in
分数: 2746008.431818, 时间: 0.086201s, 全局超时惩罚: 0.547147/17.400000%, 局部超时惩罚: 1.003756, 迁移惩罚: 1.000000

文件名: n4_g1_k1_a20_b200_cntmin6000.in
分数: 1182617.367410, 时间: 0.279713s, 全局超时惩罚: 0.236514/41.600000%, 局部超时惩罚: 1.000038, 迁移惩罚: 1.000000

总分: 21481910.480760
平均分: 2148191.048076, 平均时间: 0.119215s, 全局超时惩罚: 0.428331/29.300000%, 局部超时惩罚: 1.000971, 迁移惩罚: 1.000000
