测试用例数量: 13
文件名: a20_b200.in
分数: 5033900.837606, 时间: 0.019211s

文件名: data0530.in
分数: 5034326.334292, 时间: 0.012137s

文件名: n1_g1_k1_a20_b200.in
分数: 277284.597693, 时间: 0.016109s

文件名: n1_g5_k3_a20_b200.in
分数: 2105436.777922, 时间: 0.015040s

文件名: n2_g2_k1_a15_b150_cntmin3000_mempmax1500.in
分数: 417863.024883, 时间: 0.020122s

文件名: n2_g2_k1_a20_b200_cntmin3000_mempmax1500.in
分数: 350271.792542, 时间: 0.025604s

文件名: n2_g2_k2_a15_b150_cntmin3000.in
分数: 3023220.405024, 时间: 0.017794s

文件名: n2_g2_k3_a20_b200.in
分数: 3624740.665970, 时间: 0.018402s

文件名: n3_g13_k1_a15_b150.in
分数: 2195188.688258, 时间: 0.015329s

文件名: n3_g13_k1_a20_b200.in
分数: 1062893.834868, 时间: 0.019642s

文件名: n3_g3_k1_a20_b200_mempmax1500.in
分数: 930854.426266, 时间: 0.034021s

文件名: n5_g15_k1_a20_b200.in
分数: 4591435.604327, 时间: 0.025094s

文件名: n5_g1_k1_a20_b200.in
分数: 4469027.665652, 时间: 0.016380s

总分: 33116444.655303
平均分: 2547418.819639, 平均时间: 0.019607s
