测试用例数量: 10
文件名: data0530.in
分数: 5034269.272984, 时间: 0.007015s

文件名: n2_g1_k1.2_a20_b200.in
分数: 1310293.280653, 时间: 0.010579s

文件名: n2_g2_k1_a15_b150_cntmin3000_mempmax1500.in
分数: 1408120.093010, 时间: 0.013251s

文件名: n2_g2_k1_a20_b200.in
分数: 3352831.250824, 时间: 0.011594s

文件名: n2_g2_k1_a20_b200_cntmin3000_mempmax1500.in
分数: 1022375.938767, 时间: 0.016856s

文件名: n2_g2_k1_a20_b200_memmax1500.in
分数: 2684812.441222, 时间: 0.012884s

文件名: n2_g2_k2_a15_b150_cntmin3000.in
分数: 5031932.763838, 时间: 0.010917s

文件名: n3_g13_k1_a20_b200.in
分数: 4434138.840396, 时间: 0.013094s

文件名: n3_g1_k1_a20_b200.in
分数: 2088536.090796, 时间: 0.009823s

文件名: n5_g1_k1_a20_b200.in
分数: 5031176.334628, 时间: 0.009733s

总分: 31398486.307118
平均分: 3139848.630712, 平均时间: 0.011575s
