测试用例数量: 10
文件名: data0530.in
分数: 5034178.275002, 时间: 0.010892s

文件名: n2_g1_k1.2_a20_b200.in
分数: 1328482.234137, 时间: 0.009401s

文件名: n2_g2_k1_a15_b150_cntmin3000_mempmax1500.in
分数: 1427756.686753, 时间: 0.013196s

文件名: n2_g2_k1_a20_b200.in
分数: 3284099.774773, 时间: 0.011810s

文件名: n2_g2_k1_a20_b200_cntmin3000_mempmax1500.in
分数: 1036676.179650, 时间: 0.016925s

文件名: n2_g2_k1_a20_b200_memmax1500.in
分数: 2703681.287327, 时间: 0.012777s

文件名: n2_g2_k2_a15_b150_cntmin3000.in
分数: 5031765.792025, 时间: 0.010954s

文件名: n3_g13_k1_a20_b200.in
分数: 4371400.290003, 时间: 0.011899s

文件名: n3_g1_k1_a20_b200.in
分数: 2059942.886864, 时间: 0.017452s

文件名: n5_g1_k1_a20_b200.in
分数: 5031404.000290, 时间: 0.010342s

总分: 31309387.406824
平均分: 3130938.740682, 平均时间: 0.012565s
