测试用例数量: 10
文件名: data0530.in
分数: 5034127.563151, 时间: 0.008189s

文件名: n2_g1_k1.2_a20_b200.in
分数: 1480268.083071, 时间: 0.010887s

文件名: n2_g2_k1_a15_b150_cntmin3000_mempmax1500.in
分数: 1408182.026780, 时间: 0.013001s

文件名: n2_g2_k1_a20_b200.in
分数: 3107024.309971, 时间: 0.011200s

文件名: n2_g2_k1_a20_b200_cntmin3000_mempmax1500.in
分数: 994410.112108, 时间: 0.015915s

文件名: n2_g2_k1_a20_b200_memmax1500.in
分数: 2648244.355351, 时间: 0.012582s

文件名: n2_g2_k2_a15_b150_cntmin3000.in
分数: 5031808.809984, 时间: 0.010539s

文件名: n3_g13_k1_a20_b200.in
分数: 4590693.567890, 时间: 0.011322s

文件名: n3_g1_k1_a20_b200.in
分数: 2018341.829905, 时间: 0.009240s

文件名: n5_g1_k1_a20_b200.in
分数: 5031590.862151, 时间: 0.009771s

总分: 31344691.520361
平均分: 3134469.152036, 平均时间: 0.011265s
