测试用例数量: 10
文件名: data0530.in
分数: 5017809.233523, 时间: 0.010302s, 全局超时惩罚: 1.000000/0.000000%, 局部超时惩罚: 1.006856, 迁移惩罚: 0.996728

文件名: n2_g1_k1.2_a10_b100_m1000.in
分数: 616917.791285, 时间: 0.014830s, 全局超时惩罚: 0.147624/55.200000%, 局部超时惩罚: 0.993985, 迁移惩罚: 0.841521

文件名: n2_g1_k1.2_a20_b200.in
分数: 1170024.136278, 时间: 0.017021s, 全局超时惩罚: 0.262429/38.600000%, 局部超时惩罚: 0.998442, 迁移惩罚: 0.893416

文件名: n2_g2_k1_a20_b200.in
分数: 2754563.332928, 时间: 0.012438s, 全局超时惩罚: 0.655197/12.200000%, 局部超时惩罚: 1.002298, 迁移惩罚: 0.839091

文件名: n2_g2_k1_a20_b200_cntmin3000_mempmax1500.in
分数: 746313.695277, 时间: 0.017992s, 全局超时惩罚: 0.198884/46.600000%, 局部超时惩罚: 1.000004, 迁移惩罚: 0.750514

文件名: n2_g2_k1_a20_b200_memmax1500.in
分数: 2095950.026015, 时间: 0.013853s, 全局超时惩罚: 0.510506/19.400000%, 局部超时惩罚: 1.002012, 迁移惩罚: 0.819662

文件名: n3_g13_k1_a20_b200.in
分数: 3870758.389132, 时间: 0.012519s, 全局超时惩罚: 0.913831/2.600000%, 局部超时惩罚: 1.004742, 迁移惩罚: 0.843190

文件名: n3_g1_k1_a20_b200.in
分数: 1708130.519265, 时间: 0.010295s, 全局超时惩罚: 0.389582/27.200000%, 局部超时惩罚: 1.000633, 迁移惩罚: 0.876602

文件名: n4_g1_k1.2_rate10_a20_b200.in
分数: 4557213.709333, 时间: 0.010294s, 全局超时惩罚: 0.986233/0.400000%, 局部超时惩罚: 1.006534, 迁移惩罚: 0.918178

文件名: n4_g1_k1_rate6_a20_b200.in
分数: 2058586.269140, 时间: 0.011916s, 全局超时惩罚: 0.482968/21.000000%, 局部超时惩罚: 1.000124, 迁移惩罚: 0.852912

总分: 24596267.102177
平均分: 2459626.710218, 平均时间: 0.013146s, 全局超时惩罚: 0.554725/22.320000%, 局部超时惩罚: 1.001563, 迁移惩罚: 0.863181
