测试用例数量: 10
文件名: data0530.in
分数: 5034138.517392, 时间: 0.011520s

文件名: n2_g1_k1.2_a20_b200.in
分数: 1319298.283423, 时间: 0.009891s

文件名: n2_g2_k1_a15_b150_cntmin3000_mempmax1500.in
分数: 1398400.208123, 时间: 0.014050s

文件名: n2_g2_k1_a20_b200.in
分数: 3194407.405877, 时间: 0.012529s

文件名: n2_g2_k1_a20_b200_cntmin3000_mempmax1500.in
分数: 1043833.530039, 时间: 0.017815s

文件名: n2_g2_k1_a20_b200_memmax1500.in
分数: 2799295.390066, 时间: 0.013382s

文件名: n2_g2_k2_a15_b150_cntmin3000.in
分数: 5031928.629033, 时间: 0.011679s

文件名: n3_g13_k1_a20_b200.in
分数: 4464242.695226, 时间: 0.012611s

文件名: n3_g1_k1_a20_b200.in
分数: 2088959.533369, 时间: 0.010202s

文件名: n5_g1_k1_a20_b200.in
分数: 5031419.914694, 时间: 0.010588s

总分: 31405924.107242
平均分: 3140592.410724, 平均时间: 0.012427s
