测试用例数量: 10
文件名: data0530.in
分数: 0.000000, 时间: 17.871494s
错误: Invalid Output

文件名: n2_g1_k1.2_a20_b200.in
分数: 623716.572234, 时间: 0.132265s

文件名: n2_g2_k1_a15_b150_cntmin3000_mempmax1500.in
分数: 0.000000, 时间: 30.000000s
错误: Timeout

文件名: n2_g2_k1_a20_b200.in
分数: 302759.994310, 时间: 0.194734s

文件名: n2_g2_k1_a20_b200_cntmin3000_mempmax1500.in
分数: 0.000000, 时间: 27.220979s
错误: Invalid Output

文件名: n2_g2_k1_a20_b200_memmax1500.in
分数: 0.000000, 时间: 30.000000s
错误: Timeout

文件名: n2_g2_k2_a15_b150_cntmin3000.in
分数: 577097.100165, 时间: 0.138317s

文件名: n3_g13_k1_a20_b200.in
分数: 280013.401965, 时间: 0.016468s

文件名: n3_g1_k1_a20_b200.in
分数: 275362.089576, 时间: 0.014724s

文件名: n5_g1_k1_a20_b200.in
分数: 285474.528771, 时间: 0.020577s

总分: 2344423.687019
平均分: 234442.368702, 平均时间: 4.560956s
