测试用例数量: 10
文件名: data0530.in
分数: 5034468.211190, 时间: 0.005913s, 全局超时惩罚: 1.000000/0.000000%, 局部超时惩罚: 1.006894, 迁移惩罚: 1.000000

文件名: n2_g1_k1.2_a10_b100_m1000.in
分数: 763504.625636, 时间: 0.013423s, 全局超时惩罚: 0.153893/54.000000%, 局部超时惩罚: 0.992254, 迁移惩罚: 1.000000

文件名: n2_g1_k1.2_a20_b200.in
分数: 1460489.433666, 时间: 0.010222s, 全局超时惩罚: 0.293209/35.400000%, 局部超时惩罚: 0.996211, 迁移惩罚: 1.000000

文件名: n2_g2_k1_a20_b200.in
分数: 3472561.723802, 时间: 0.011240s, 全局超时惩罚: 0.692555/10.600000%, 局部超时惩罚: 1.002827, 迁移惩罚: 1.000000

文件名: n2_g2_k1_a20_b200_cntmin3000_mempmax1500.in
分数: 1022412.091670, 时间: 0.016211s, 全局超时惩罚: 0.204476/45.800000%, 局部超时惩罚: 1.000034, 迁移惩罚: 1.000000

文件名: n2_g2_k1_a20_b200_memmax1500.in
分数: 2648259.866542, 时间: 0.014750s, 全局超时惩罚: 0.528509/18.400000%, 局部超时惩罚: 1.002163, 迁移惩罚: 1.000000

文件名: n3_g13_k1_a20_b200.in
分数: 4591501.302148, 时间: 0.011433s, 全局超时惩罚: 0.913831/2.600000%, 局部超时惩罚: 1.004890, 迁移惩罚: 1.000000

文件名: n3_g1_k1_a20_b200.in
分数: 2060843.928967, 时间: 0.010487s, 全局超时惩罚: 0.411796/25.600000%, 局部超时惩罚: 1.000906, 迁移惩罚: 1.000000

文件名: n4_g1_k1.2_rate10_a20_b200.in
分数: 4592698.158118, 时间: 0.009393s, 全局超时惩罚: 0.913831/2.600000%, 局部超时惩罚: 1.005152, 迁移惩罚: 1.000000

文件名: n4_g1_k1_rate6_a20_b200.in
分数: 2777706.271562, 时间: 0.010939s, 全局超时惩罚: 0.554785/17.000000%, 局部超时惩罚: 1.001364, 迁移惩罚: 1.000000

总分: 28424445.613302
平均分: 2842444.561330, 平均时间: 0.011401s, 全局超时惩罚: 0.566688/21.200000%, 局部超时惩罚: 1.001269, 迁移惩罚: 1.000000
