测试用例数量: 10
文件名: data0530.in
分数: 5034192.510764, 时间: 0.011390s, 全局超时惩罚: 1.000000/0.000000%, 局部超时惩罚: 1.006839, 迁移惩罚: 1.000000

文件名: n2_g1_k1.2_a10_b100_m1000.in
分数: 728572.544901, 时间: 0.014505s, 全局超时惩罚: 0.146604/55.400000%, 局部超时惩罚: 0.993930, 迁移惩罚: 1.000000

文件名: n2_g1_k1.2_a20_b200.in
分数: 1310406.346539, 时间: 0.011039s, 全局超时惩罚: 0.262429/38.600000%, 局部超时惩罚: 0.998674, 迁移惩罚: 1.000000

文件名: n2_g2_k1_a20_b200.in
分数: 3261236.819730, 时间: 0.013044s, 全局超时惩罚: 0.650671/12.400000%, 局部超时惩罚: 1.002423, 迁移惩罚: 1.000000

文件名: n2_g2_k1_a20_b200_cntmin3000_mempmax1500.in
分数: 1015265.268186, 时间: 0.018417s, 全局超时惩罚: 0.203063/46.000000%, 局部超时惩罚: 0.999951, 迁移惩罚: 1.000000

文件名: n2_g2_k1_a20_b200_memmax1500.in
分数: 2685123.643887, 时间: 0.014175s, 全局超时惩罚: 0.535887/18.000000%, 局部超时惩罚: 1.002124, 迁移惩罚: 1.000000

文件名: n3_g13_k1_a20_b200.in
分数: 4372643.331418, 时间: 0.013193s, 全局超时惩罚: 0.870551/4.000000%, 局部超时惩罚: 1.004570, 迁移惩罚: 1.000000

文件名: n3_g1_k1_a20_b200.in
分数: 2089026.475827, 时间: 0.010766s, 全局超时惩罚: 0.417544/25.200000%, 局部超时惩罚: 1.000626, 迁移惩罚: 1.000000

文件名: n4_g1_k1.2_rate10_a20_b200.in
分数: 4860500.157713, 时间: 0.010541s, 全局超时惩罚: 0.965936/1.000000%, 局部超时惩罚: 1.006381, 迁移惩罚: 1.000000

文件名: n4_g1_k1_rate6_a20_b200.in
分数: 2662522.629912, 时间: 0.012724s, 全局超时惩罚: 0.532185/18.200000%, 局部超时惩罚: 1.000600, 迁移惩罚: 1.000000

总分: 28019489.728877
平均分: 2801948.972888, 平均时间: 0.012979s, 全局超时惩罚: 0.558487/21.880000%, 局部超时惩罚: 1.001612, 迁移惩罚: 1.000000
