测试用例数量: 10
文件名: data0530.in
分数: 5034314.570415, 时间: 0.005833s, 全局超时惩罚: 1.000000/0.000000%, 局部超时惩罚: 1.006863, 迁移惩罚: 1.000000

文件名: n2_g1_k1.2_a10_b100_m1000.in
分数: 0.000000, 时间: 0.005174s, 全局超时惩罚: 0.000000/0.000000%, 局部超时惩罚: 0.000000, 迁移惩罚: 0.000000
错误: Invalid Output

文件名: n2_g1_k1.2_a20_b200.in
分数: 0.000000, 时间: 0.006354s, 全局超时惩罚: 0.000000/0.000000%, 局部超时惩罚: 0.000000, 迁移惩罚: 0.000000
错误: Invalid Output

文件名: n2_g2_k1_a20_b200.in
分数: 0.000000, 时间: 0.004726s, 全局超时惩罚: 0.000000/0.000000%, 局部超时惩罚: 0.000000, 迁移惩罚: 0.000000
错误: Invalid Output

文件名: n2_g2_k1_a20_b200_cntmin3000_mempmax1500.in
分数: 0.000000, 时间: 0.004972s, 全局超时惩罚: 0.000000/0.000000%, 局部超时惩罚: 0.000000, 迁移惩罚: 0.000000
错误: Invalid Output

文件名: n2_g2_k1_a20_b200_memmax1500.in
分数: 0.000000, 时间: 0.005213s, 全局超时惩罚: 0.000000/0.000000%, 局部超时惩罚: 0.000000, 迁移惩罚: 0.000000
错误: Invalid Output

文件名: n3_g13_k1_a20_b200.in
分数: 0.000000, 时间: 0.004359s, 全局超时惩罚: 0.000000/0.000000%, 局部超时惩罚: 0.000000, 迁移惩罚: 0.000000
错误: Invalid Output

文件名: n3_g1_k1_a20_b200.in
分数: 0.000000, 时间: 0.004527s, 全局超时惩罚: 0.000000/0.000000%, 局部超时惩罚: 0.000000, 迁移惩罚: 0.000000
错误: Invalid Output

文件名: n4_g1_k1.2_rate10_a20_b200.in
分数: 0.000000, 时间: 0.004719s, 全局超时惩罚: 0.000000/0.000000%, 局部超时惩罚: 0.000000, 迁移惩罚: 0.000000
错误: Invalid Output

文件名: n4_g1_k1_rate6_a20_b200.in
分数: 0.000000, 时间: 0.004940s, 全局超时惩罚: 0.000000/0.000000%, 局部超时惩罚: 0.000000, 迁移惩罚: 0.000000
错误: Invalid Output

总分: 5034314.570415
平均分: 503431.457041, 平均时间: 0.005082s, 全局超时惩罚: 0.100000/0.000000%, 局部超时惩罚: 0.100686, 迁移惩罚: 0.100000
