测试用例数量: 10
文件名: data0530.in
分数: 5014728.602358, 时间: 1.078517s

文件名: n2_g1_k1.2_a20_b200.in
分数: 1223042.836462, 时间: 5.642844s

文件名: n2_g2_k1_a15_b150_cntmin3000_mempmax1500.in
分数: 1207313.993539, 时间: 5.257463s

文件名: n2_g2_k1_a20_b200.in
分数: 3020553.212130, 时间: 4.159338s

文件名: n2_g2_k1_a20_b200_cntmin3000_mempmax1500.in
分数: 825717.805315, 时间: 9.188315s

文件名: n2_g2_k1_a20_b200_memmax1500.in
分数: 2450057.379421, 时间: 5.478670s

文件名: n2_g2_k2_a15_b150_cntmin3000.in
分数: 4686231.111842, 时间: 4.768427s

文件名: n3_g13_k1_a20_b200.in
分数: 4392307.285537, 时间: 3.622845s

文件名: n3_g1_k1_a20_b200.in
分数: 1976125.449822, 时间: 2.822389s

文件名: n5_g1_k1_a20_b200.in
分数: 4784947.706706, 时间: 2.468614s

总分: 29581025.383131
平均分: 2958102.538313, 平均时间: 4.448742s
