测试用例数量: 13
文件名: a20_b200.in
分数: 4423911.891720, 时间: 0.077357s

文件名: data0530.in
分数: 4762218.962973, 时间: 0.030495s

文件名: n1_g1_k1_a20_b200.in
分数: 277284.597693, 时间: 0.014163s

文件名: n1_g5_k3_a20_b200.in
分数: 4407882.092540, 时间: 0.013951s

文件名: n2_g2_k1_a15_b150_cntmin3000_mempmax1500.in
分数: 1151017.336490, 时间: 0.029318s

文件名: n2_g2_k1_a20_b200_cntmin3000_mempmax1500.in
分数: 385032.401941, 时间: 0.032833s

文件名: n2_g2_k2_a15_b150_cntmin3000.in
分数: 4270484.374642, 时间: 0.022837s

文件名: n2_g2_k3_a20_b200.in
分数: 4489985.422125, 时间: 0.017288s

文件名: n3_g13_k1_a15_b150.in
分数: 4521114.595899, 时间: 0.027918s

文件名: n3_g13_k1_a20_b200.in
分数: 1458924.496426, 时间: 0.027975s

文件名: n3_g3_k1_a20_b200_mempmax1500.in
分数: 4127823.464652, 时间: 0.033594s

文件名: n5_g15_k1_a20_b200.in
分数: 893060.146931, 时间: 0.034936s

文件名: n5_g1_k1_a20_b200.in
分数: 3727757.014469, 时间: 0.034462s

总分: 38896496.798500
平均分: 2992038.215269, 平均时间: 0.030548s
